<?xml version="1.0" encoding="UTF-8"?>
<!-- Generated by org.testng.reporters.JUnitReportReporter -->
<testsuite hostname="WKWIN0420174" name="trgrValidation.APITests.SA360_USTestRunner2" tests="1" failures="0" timestamp="23 Nov 2019 15:36:35 GMT" time="804.472" errors="0">
  <testcase name="feature" time="804.472" classname="trgrValidation.APITests.SA360_USTestRunner2"/>
</testsuite> <!-- trgrValidation.APITests.SA360_USTestRunner2 -->
