<?xml version="1.0" encoding="UTF-8"?>
<!-- Generated by org.testng.reporters.JUnitReportReporter -->
<testsuite hostname="WKWIN0420174" name="trgrValidation.APITests.SA360_USTestRunner" tests="1" failures="0" timestamp="25 Nov 2019 08:00:55 GMT" time="262.642" errors="0">
  <testcase name="feature" time="262.642" classname="trgrValidation.APITests.SA360_USTestRunner"/>
</testsuite> <!-- trgrValidation.APITests.SA360_USTestRunner -->
