<?xml version="1.0" encoding="UTF-8"?>
<!-- Generated by org.testng.reporters.JUnitReportReporter -->
<testsuite hostname="WKWIN0420174" name="trgrValidation.SA60Tests._4DMA_SimultaneouslyUpdated" tests="1" failures="0" timestamp="25 Nov 2019 08:28:08 GMT" time="256.907" errors="0">
  <testcase name="feature" time="256.907" classname="trgrValidation.SA60Tests._4DMA_SimultaneouslyUpdated"/>
</testsuite> <!-- trgrValidation.SA60Tests._4DMA_SimultaneouslyUpdated -->
