<?xml version="1.0" encoding="UTF-8"?>
<!-- Generated by org.testng.reporters.JUnitReportReporter -->
<testsuite hostname="WKWIN0420174" name="trgrValidation.SA60Tests._2_All_Bild_Levels_seq_0_10_20_m20" tests="1" failures="0" timestamp="26 Nov 2019 12:39:04 GMT" time="526.350" errors="0">
  <testcase name="feature" time="526.350" classname="trgrValidation.SA60Tests._2_All_Bild_Levels_seq_0_10_20_m20"/>
</testsuite> <!-- trgrValidation.SA60Tests._2_All_Bild_Levels_seq_0_10_20_m20 -->
